{"C:\\Users\\usuario\\Documents\\reto-track\\lim20181-Track-FE-markdown-list\\cli.js": {"path":"C:\\Users\\usuario\\Documents\\reto-track\\lim20181-Track-FE-markdown-list\\cli.js","statementMap":{"0":{"start":{"line":1,"column":11},"end":{"line":1,"column":26}},"1":{"start":{"line":2,"column":11},"end":{"line":2,"column":24}},"2":{"start":{"line":3,"column":13},"end":{"line":3,"column":39}},"3":{"start":{"line":4,"column":12},"end":{"line":4,"column":33}},"4":{"start":{"line":5,"column":14},"end":{"line":5,"column":26}},"5":{"start":{"line":6,"column":17},"end":{"line":24,"column":1}},"6":{"start":{"line":7,"column":16},"end":{"line":7,"column":17}},"7":{"start":{"line":8,"column":16},"end":{"line":8,"column":40}},"8":{"start":{"line":8,"column":31},"end":{"line":8,"column":39}},"9":{"start":{"line":9,"column":18},"end":{"line":9,"column":46}},"10":{"start":{"line":10,"column":4},"end":{"line":23,"column":24}},"11":{"start":{"line":11,"column":18},"end":{"line":14,"column":9}},"12":{"start":{"line":15,"column":8},"end":{"line":20,"column":10}},"13":{"start":{"line":16,"column":12},"end":{"line":19,"column":13}},"14":{"start":{"line":18,"column":16},"end":{"line":18,"column":23}},"15":{"start":{"line":21,"column":8},"end":{"line":21,"column":25}},"16":{"start":{"line":22,"column":8},"end":{"line":22,"column":19}},"17":{"start":{"line":23,"column":18},"end":{"line":23,"column":22}},"18":{"start":{"line":25,"column":18},"end":{"line":33,"column":1}},"19":{"start":{"line":26,"column":18},"end":{"line":26,"column":45}},"20":{"start":{"line":26,"column":36},"end":{"line":26,"column":44}},"21":{"start":{"line":27,"column":18},"end":{"line":27,"column":46}},"22":{"start":{"line":28,"column":14},"end":{"line":31,"column":5}},"23":{"start":{"line":32,"column":4},"end":{"line":32,"column":15}},"24":{"start":{"line":34,"column":21},"end":{"line":58,"column":1}},"25":{"start":{"line":35,"column":4},"end":{"line":57,"column":7}},"26":{"start":{"line":36,"column":19},"end":{"line":38,"column":9}},"27":{"start":{"line":39,"column":8},"end":{"line":56,"column":10}},"28":{"start":{"line":41,"column":12},"end":{"line":49,"column":13}},"29":{"start":{"line":42,"column":16},"end":{"line":42,"column":38}},"30":{"start":{"line":43,"column":16},"end":{"line":43,"column":31}},"31":{"start":{"line":44,"column":16},"end":{"line":44,"column":26}},"32":{"start":{"line":46,"column":16},"end":{"line":46,"column":38}},"33":{"start":{"line":47,"column":16},"end":{"line":47,"column":31}},"34":{"start":{"line":48,"column":15},"end":{"line":48,"column":25}},"35":{"start":{"line":51,"column":12},"end":{"line":55,"column":13}},"36":{"start":{"line":52,"column":15},"end":{"line":52,"column":37}},"37":{"start":{"line":53,"column":15},"end":{"line":53,"column":30}},"38":{"start":{"line":54,"column":15},"end":{"line":54,"column":25}},"39":{"start":{"line":59,"column":21},"end":{"line":62,"column":1}},"40":{"start":{"line":60,"column":16},"end":{"line":60,"column":40}},"41":{"start":{"line":60,"column":31},"end":{"line":60,"column":39}},"42":{"start":{"line":61,"column":3},"end":{"line":61,"column":70}},"43":{"start":{"line":61,"column":52},"end":{"line":61,"column":67}},"44":{"start":{"line":63,"column":18},"end":{"line":78,"column":2}},"45":{"start":{"line":63,"column":38},"end":{"line":78,"column":2}},"46":{"start":{"line":64,"column":15},"end":{"line":77,"column":6}},"47":{"start":{"line":65,"column":22},"end":{"line":65,"column":41}},"48":{"start":{"line":66,"column":20},"end":{"line":66,"column":38}},"49":{"start":{"line":67,"column":20},"end":{"line":76,"column":10}},"50":{"start":{"line":68,"column":20},"end":{"line":68,"column":37}},"51":{"start":{"line":69,"column":22},"end":{"line":74,"column":14}},"52":{"start":{"line":70,"column":16},"end":{"line":73,"column":17}},"53":{"start":{"line":75,"column":12},"end":{"line":75,"column":30}},"54":{"start":{"line":79,"column":16},"end":{"line":104,"column":2}},"55":{"start":{"line":79,"column":26},"end":{"line":104,"column":2}},"56":{"start":{"line":80,"column":4},"end":{"line":103,"column":5}},"57":{"start":{"line":81,"column":20},"end":{"line":81,"column":22}},"58":{"start":{"line":82,"column":21},"end":{"line":82,"column":23}},"59":{"start":{"line":83,"column":8},"end":{"line":87,"column":23}},"60":{"start":{"line":85,"column":11},"end":{"line":85,"column":23}},"61":{"start":{"line":87,"column":18},"end":{"line":87,"column":22}},"62":{"start":{"line":89,"column":22},"end":{"line":89,"column":24}},"63":{"start":{"line":90,"column":21},"end":{"line":90,"column":44}},"64":{"start":{"line":91,"column":19},"end":{"line":91,"column":37}},"65":{"start":{"line":92,"column":19},"end":{"line":102,"column":10}},"66":{"start":{"line":93,"column":19},"end":{"line":93,"column":36}},"67":{"start":{"line":94,"column":11},"end":{"line":100,"column":14}},"68":{"start":{"line":95,"column":15},"end":{"line":99,"column":17}},"69":{"start":{"line":101,"column":9},"end":{"line":101,"column":28}},"70":{"start":{"line":105,"column":16},"end":{"line":116,"column":1}},"71":{"start":{"line":106,"column":17},"end":{"line":106,"column":36}},"72":{"start":{"line":107,"column":3},"end":{"line":115,"column":7}},"73":{"start":{"line":108,"column":17},"end":{"line":108,"column":35}},"74":{"start":{"line":109,"column":7},"end":{"line":114,"column":9}},"75":{"start":{"line":110,"column":8},"end":{"line":110,"column":50}},"76":{"start":{"line":112,"column":13},"end":{"line":114,"column":9}},"77":{"start":{"line":113,"column":11},"end":{"line":113,"column":49}},"78":{"start":{"line":117,"column":16},"end":{"line":129,"column":1}},"79":{"start":{"line":118,"column":12},"end":{"line":118,"column":14}},"80":{"start":{"line":119,"column":15},"end":{"line":119,"column":35}},"81":{"start":{"line":120,"column":4},"end":{"line":128,"column":5}},"82":{"start":{"line":121,"column":8},"end":{"line":121,"column":27}},"83":{"start":{"line":122,"column":7},"end":{"line":122,"column":17}},"84":{"start":{"line":123,"column":10},"end":{"line":128,"column":5}},"85":{"start":{"line":124,"column":18},"end":{"line":124,"column":38}},"86":{"start":{"line":125,"column":8},"end":{"line":127,"column":9}},"87":{"start":{"line":126,"column":10},"end":{"line":126,"column":24}},"88":{"start":{"line":130,"column":14},"end":{"line":151,"column":2}},"89":{"start":{"line":130,"column":36},"end":{"line":151,"column":2}},"90":{"start":{"line":131,"column":18},"end":{"line":131,"column":42}},"91":{"start":{"line":132,"column":16},"end":{"line":132,"column":33}},"92":{"start":{"line":133,"column":4},"end":{"line":150,"column":36}},"93":{"start":{"line":135,"column":8},"end":{"line":148,"column":9}},"94":{"start":{"line":136,"column":25},"end":{"line":136,"column":44}},"95":{"start":{"line":137,"column":12},"end":{"line":137,"column":28}},"96":{"start":{"line":138,"column":14},"end":{"line":148,"column":9}},"97":{"start":{"line":139,"column":12},"end":{"line":141,"column":14}},"98":{"start":{"line":140,"column":16},"end":{"line":140,"column":28}},"99":{"start":{"line":142,"column":14},"end":{"line":148,"column":9}},"100":{"start":{"line":143,"column":12},"end":{"line":145,"column":15}},"101":{"start":{"line":144,"column":16},"end":{"line":144,"column":29}},"102":{"start":{"line":147,"column":12},"end":{"line":147,"column":28}},"103":{"start":{"line":150,"column":15},"end":{"line":150,"column":34}},"104":{"start":{"line":152,"column":0},"end":{"line":152,"column":23}}},"fnMap":{"0":{"name":"(anonymous_0)","decl":{"start":{"line":6,"column":17},"end":{"line":6,"column":18}},"loc":{"start":{"line":6,"column":24},"end":{"line":24,"column":1}},"line":6},"1":{"name":"(anonymous_1)","decl":{"start":{"line":8,"column":24},"end":{"line":8,"column":25}},"loc":{"start":{"line":8,"column":31},"end":{"line":8,"column":39}},"line":8},"2":{"name":"(anonymous_2)","decl":{"start":{"line":10,"column":40},"end":{"line":10,"column":41}},"loc":{"start":{"line":10,"column":52},"end":{"line":23,"column":5}},"line":10},"3":{"name":"(anonymous_3)","decl":{"start":{"line":15,"column":25},"end":{"line":15,"column":26}},"loc":{"start":{"line":15,"column":31},"end":{"line":20,"column":9}},"line":15},"4":{"name":"(anonymous_4)","decl":{"start":{"line":23,"column":13},"end":{"line":23,"column":14}},"loc":{"start":{"line":23,"column":18},"end":{"line":23,"column":22}},"line":23},"5":{"name":"(anonymous_5)","decl":{"start":{"line":25,"column":18},"end":{"line":25,"column":19}},"loc":{"start":{"line":25,"column":28},"end":{"line":33,"column":1}},"line":25},"6":{"name":"(anonymous_6)","decl":{"start":{"line":26,"column":29},"end":{"line":26,"column":30}},"loc":{"start":{"line":26,"column":36},"end":{"line":26,"column":44}},"line":26},"7":{"name":"(anonymous_7)","decl":{"start":{"line":34,"column":21},"end":{"line":34,"column":22}},"loc":{"start":{"line":34,"column":32},"end":{"line":58,"column":1}},"line":34},"8":{"name":"(anonymous_8)","decl":{"start":{"line":35,"column":35},"end":{"line":35,"column":36}},"loc":{"start":{"line":35,"column":41},"end":{"line":57,"column":5}},"line":35},"9":{"name":"(anonymous_9)","decl":{"start":{"line":40,"column":14},"end":{"line":40,"column":15}},"loc":{"start":{"line":40,"column":26},"end":{"line":50,"column":9}},"line":40},"10":{"name":"(anonymous_10)","decl":{"start":{"line":50,"column":17},"end":{"line":50,"column":18}},"loc":{"start":{"line":50,"column":22},"end":{"line":56,"column":9}},"line":50},"11":{"name":"(anonymous_11)","decl":{"start":{"line":59,"column":21},"end":{"line":59,"column":22}},"loc":{"start":{"line":59,"column":28},"end":{"line":62,"column":1}},"line":59},"12":{"name":"(anonymous_12)","decl":{"start":{"line":60,"column":24},"end":{"line":60,"column":25}},"loc":{"start":{"line":60,"column":31},"end":{"line":60,"column":39}},"line":60},"13":{"name":"(anonymous_13)","decl":{"start":{"line":61,"column":39},"end":{"line":61,"column":40}},"loc":{"start":{"line":61,"column":50},"end":{"line":61,"column":68}},"line":61},"14":{"name":"(anonymous_14)","decl":{"start":{"line":63,"column":18},"end":{"line":63,"column":19}},"loc":{"start":{"line":63,"column":38},"end":{"line":78,"column":2}},"line":63},"15":{"name":"(anonymous_15)","decl":{"start":{"line":63,"column":50},"end":{"line":63,"column":51}},"loc":{"start":{"line":63,"column":68},"end":{"line":78,"column":1}},"line":63},"16":{"name":"(anonymous_16)","decl":{"start":{"line":64,"column":30},"end":{"line":64,"column":31}},"loc":{"start":{"line":64,"column":36},"end":{"line":77,"column":5}},"line":64},"17":{"name":"(anonymous_17)","decl":{"start":{"line":67,"column":41},"end":{"line":67,"column":42}},"loc":{"start":{"line":67,"column":57},"end":{"line":76,"column":9}},"line":67},"18":{"name":"(anonymous_18)","decl":{"start":{"line":69,"column":30},"end":{"line":69,"column":31}},"loc":{"start":{"line":69,"column":37},"end":{"line":74,"column":13}},"line":69},"19":{"name":"(anonymous_19)","decl":{"start":{"line":79,"column":16},"end":{"line":79,"column":17}},"loc":{"start":{"line":79,"column":26},"end":{"line":104,"column":2}},"line":79},"20":{"name":"(anonymous_20)","decl":{"start":{"line":79,"column":38},"end":{"line":79,"column":39}},"loc":{"start":{"line":79,"column":56},"end":{"line":104,"column":1}},"line":79},"21":{"name":"(anonymous_21)","decl":{"start":{"line":84,"column":14},"end":{"line":84,"column":15}},"loc":{"start":{"line":84,"column":19},"end":{"line":86,"column":9}},"line":84},"22":{"name":"(anonymous_22)","decl":{"start":{"line":87,"column":15},"end":{"line":87,"column":16}},"loc":{"start":{"line":87,"column":18},"end":{"line":87,"column":22}},"line":87},"23":{"name":"(anonymous_23)","decl":{"start":{"line":92,"column":40},"end":{"line":92,"column":41}},"loc":{"start":{"line":92,"column":56},"end":{"line":102,"column":9}},"line":92},"24":{"name":"(anonymous_24)","decl":{"start":{"line":94,"column":23},"end":{"line":94,"column":24}},"loc":{"start":{"line":94,"column":30},"end":{"line":100,"column":13}},"line":94},"25":{"name":"(anonymous_25)","decl":{"start":{"line":105,"column":16},"end":{"line":105,"column":17}},"loc":{"start":{"line":105,"column":31},"end":{"line":116,"column":1}},"line":105},"26":{"name":"(anonymous_26)","decl":{"start":{"line":107,"column":17},"end":{"line":107,"column":18}},"loc":{"start":{"line":107,"column":25},"end":{"line":115,"column":5}},"line":107},"27":{"name":"(anonymous_27)","decl":{"start":{"line":117,"column":16},"end":{"line":117,"column":17}},"loc":{"start":{"line":117,"column":26},"end":{"line":129,"column":1}},"line":117},"28":{"name":"(anonymous_28)","decl":{"start":{"line":130,"column":14},"end":{"line":130,"column":15}},"loc":{"start":{"line":130,"column":36},"end":{"line":151,"column":2}},"line":130},"29":{"name":"(anonymous_29)","decl":{"start":{"line":130,"column":48},"end":{"line":130,"column":49}},"loc":{"start":{"line":130,"column":66},"end":{"line":151,"column":1}},"line":130},"30":{"name":"(anonymous_30)","decl":{"start":{"line":134,"column":10},"end":{"line":134,"column":11}},"loc":{"start":{"line":134,"column":20},"end":{"line":149,"column":5}},"line":134},"31":{"name":"(anonymous_31)","decl":{"start":{"line":139,"column":40},"end":{"line":139,"column":41}},"loc":{"start":{"line":139,"column":47},"end":{"line":141,"column":13}},"line":139},"32":{"name":"(anonymous_32)","decl":{"start":{"line":143,"column":36},"end":{"line":143,"column":37}},"loc":{"start":{"line":143,"column":41},"end":{"line":145,"column":13}},"line":143},"33":{"name":"(anonymous_33)","decl":{"start":{"line":150,"column":11},"end":{"line":150,"column":12}},"loc":{"start":{"line":150,"column":15},"end":{"line":150,"column":34}},"line":150}},"branchMap":{"0":{"loc":{"start":{"line":16,"column":12},"end":{"line":19,"column":13}},"type":"if","locations":[{"start":{"line":16,"column":12},"end":{"line":19,"column":13}},{"start":{"line":16,"column":12},"end":{"line":19,"column":13}}],"line":16},"1":{"loc":{"start":{"line":41,"column":12},"end":{"line":49,"column":13}},"type":"if","locations":[{"start":{"line":41,"column":12},"end":{"line":49,"column":13}},{"start":{"line":41,"column":12},"end":{"line":49,"column":13}}],"line":41},"2":{"loc":{"start":{"line":41,"column":15},"end":{"line":41,"column":62}},"type":"binary-expr","locations":[{"start":{"line":41,"column":15},"end":{"line":41,"column":37}},{"start":{"line":41,"column":41},"end":{"line":41,"column":62}}],"line":41},"3":{"loc":{"start":{"line":51,"column":12},"end":{"line":55,"column":13}},"type":"if","locations":[{"start":{"line":51,"column":12},"end":{"line":55,"column":13}},{"start":{"line":51,"column":12},"end":{"line":55,"column":13}}],"line":51},"4":{"loc":{"start":{"line":80,"column":4},"end":{"line":103,"column":5}},"type":"if","locations":[{"start":{"line":80,"column":4},"end":{"line":103,"column":5}},{"start":{"line":80,"column":4},"end":{"line":103,"column":5}}],"line":80},"5":{"loc":{"start":{"line":109,"column":7},"end":{"line":114,"column":9}},"type":"if","locations":[{"start":{"line":109,"column":7},"end":{"line":114,"column":9}},{"start":{"line":109,"column":7},"end":{"line":114,"column":9}}],"line":109},"6":{"loc":{"start":{"line":112,"column":13},"end":{"line":114,"column":9}},"type":"if","locations":[{"start":{"line":112,"column":13},"end":{"line":114,"column":9}},{"start":{"line":112,"column":13},"end":{"line":114,"column":9}}],"line":112},"7":{"loc":{"start":{"line":120,"column":4},"end":{"line":128,"column":5}},"type":"if","locations":[{"start":{"line":120,"column":4},"end":{"line":128,"column":5}},{"start":{"line":120,"column":4},"end":{"line":128,"column":5}}],"line":120},"8":{"loc":{"start":{"line":123,"column":10},"end":{"line":128,"column":5}},"type":"if","locations":[{"start":{"line":123,"column":10},"end":{"line":128,"column":5}},{"start":{"line":123,"column":10},"end":{"line":128,"column":5}}],"line":123},"9":{"loc":{"start":{"line":125,"column":8},"end":{"line":127,"column":9}},"type":"if","locations":[{"start":{"line":125,"column":8},"end":{"line":127,"column":9}},{"start":{"line":125,"column":8},"end":{"line":127,"column":9}}],"line":125},"10":{"loc":{"start":{"line":135,"column":8},"end":{"line":148,"column":9}},"type":"if","locations":[{"start":{"line":135,"column":8},"end":{"line":148,"column":9}},{"start":{"line":135,"column":8},"end":{"line":148,"column":9}}],"line":135},"11":{"loc":{"start":{"line":135,"column":11},"end":{"line":135,"column":44}},"type":"binary-expr","locations":[{"start":{"line":135,"column":11},"end":{"line":135,"column":24}},{"start":{"line":135,"column":27},"end":{"line":135,"column":44}}],"line":135},"12":{"loc":{"start":{"line":138,"column":14},"end":{"line":148,"column":9}},"type":"if","locations":[{"start":{"line":138,"column":14},"end":{"line":148,"column":9}},{"start":{"line":138,"column":14},"end":{"line":148,"column":9}}],"line":138},"13":{"loc":{"start":{"line":138,"column":17},"end":{"line":138,"column":50}},"type":"binary-expr","locations":[{"start":{"line":138,"column":17},"end":{"line":138,"column":33}},{"start":{"line":138,"column":36},"end":{"line":138,"column":50}}],"line":138},"14":{"loc":{"start":{"line":142,"column":14},"end":{"line":148,"column":9}},"type":"if","locations":[{"start":{"line":142,"column":14},"end":{"line":148,"column":9}},{"start":{"line":142,"column":14},"end":{"line":148,"column":9}}],"line":142},"15":{"loc":{"start":{"line":142,"column":17},"end":{"line":142,"column":48}},"type":"binary-expr","locations":[{"start":{"line":142,"column":17},"end":{"line":142,"column":33}},{"start":{"line":142,"column":35},"end":{"line":142,"column":48}}],"line":142}},"s":{"0":1,"1":1,"2":1,"3":1,"4":1,"5":1,"6":3,"7":3,"8":9,"9":3,"10":3,"11":3,"12":3,"13":9,"14":5,"15":3,"16":3,"17":0,"18":1,"19":2,"20":6,"21":2,"22":2,"23":2,"24":1,"25":5,"26":15,"27":15,"28":15,"29":7,"30":7,"31":7,"32":8,"33":8,"34":8,"35":0,"36":0,"37":0,"38":0,"39":1,"40":2,"41":6,"42":2,"43":2,"44":1,"45":5,"46":5,"47":10,"48":10,"49":10,"50":10,"51":10,"52":15,"53":10,"54":1,"55":9,"56":9,"57":5,"58":5,"59":5,"60":5,"61":0,"62":4,"63":4,"64":4,"65":4,"66":4,"67":4,"68":12,"69":4,"70":1,"71":10,"72":10,"73":15,"74":15,"75":5,"76":10,"77":10,"78":1,"79":9,"80":9,"81":9,"82":5,"83":5,"84":4,"85":4,"86":4,"87":4,"88":1,"89":9,"90":9,"91":9,"92":9,"93":9,"94":2,"95":2,"96":7,"97":2,"98":2,"99":5,"100":3,"101":3,"102":2,"103":0,"104":1},"f":{"0":3,"1":9,"2":3,"3":9,"4":0,"5":2,"6":6,"7":5,"8":15,"9":15,"10":0,"11":2,"12":6,"13":2,"14":5,"15":5,"16":10,"17":10,"18":15,"19":9,"20":9,"21":5,"22":0,"23":4,"24":12,"25":10,"26":15,"27":9,"28":9,"29":9,"30":9,"31":2,"32":3,"33":0},"b":{"0":[4,5],"1":[7,8],"2":[15,15],"3":[0,0],"4":[5,4],"5":[5,10],"6":[10,0],"7":[5,4],"8":[4,0],"9":[4,0],"10":[2,7],"11":[9,5],"12":[2,5],"13":[7,5],"14":[3,2],"15":[5,3]},"_coverageSchema":"332fd63041d2c1bcb487cc26dd0d5f7d97098a6c","hash":"a565354219331c0c389ebb9f31b127bf0e113d6f"}
}
