{"C:\\Users\\usuario\\Documents\\reto-track\\lim20181-Track-FE-markdown-list\\mdlinks.js": {"path":"C:\\Users\\usuario\\Documents\\reto-track\\lim20181-Track-FE-markdown-list\\mdlinks.js","statementMap":{"0":{"start":{"line":2,"column":11},"end":{"line":2,"column":26}},"1":{"start":{"line":3,"column":11},"end":{"line":3,"column":24}},"2":{"start":{"line":4,"column":13},"end":{"line":4,"column":39}},"3":{"start":{"line":5,"column":12},"end":{"line":5,"column":33}},"4":{"start":{"line":6,"column":14},"end":{"line":6,"column":26}},"5":{"start":{"line":7,"column":17},"end":{"line":25,"column":1}},"6":{"start":{"line":8,"column":16},"end":{"line":8,"column":17}},"7":{"start":{"line":9,"column":16},"end":{"line":9,"column":40}},"8":{"start":{"line":9,"column":31},"end":{"line":9,"column":39}},"9":{"start":{"line":10,"column":18},"end":{"line":10,"column":46}},"10":{"start":{"line":11,"column":4},"end":{"line":24,"column":24}},"11":{"start":{"line":12,"column":18},"end":{"line":15,"column":9}},"12":{"start":{"line":16,"column":8},"end":{"line":21,"column":10}},"13":{"start":{"line":17,"column":12},"end":{"line":20,"column":13}},"14":{"start":{"line":19,"column":16},"end":{"line":19,"column":23}},"15":{"start":{"line":22,"column":8},"end":{"line":22,"column":25}},"16":{"start":{"line":23,"column":8},"end":{"line":23,"column":19}},"17":{"start":{"line":24,"column":18},"end":{"line":24,"column":22}},"18":{"start":{"line":26,"column":18},"end":{"line":34,"column":1}},"19":{"start":{"line":27,"column":18},"end":{"line":27,"column":45}},"20":{"start":{"line":27,"column":36},"end":{"line":27,"column":44}},"21":{"start":{"line":28,"column":18},"end":{"line":28,"column":46}},"22":{"start":{"line":29,"column":14},"end":{"line":32,"column":5}},"23":{"start":{"line":33,"column":4},"end":{"line":33,"column":15}},"24":{"start":{"line":35,"column":21},"end":{"line":59,"column":1}},"25":{"start":{"line":36,"column":4},"end":{"line":58,"column":7}},"26":{"start":{"line":37,"column":19},"end":{"line":39,"column":9}},"27":{"start":{"line":40,"column":8},"end":{"line":57,"column":10}},"28":{"start":{"line":42,"column":12},"end":{"line":50,"column":13}},"29":{"start":{"line":43,"column":16},"end":{"line":43,"column":38}},"30":{"start":{"line":44,"column":16},"end":{"line":44,"column":31}},"31":{"start":{"line":45,"column":16},"end":{"line":45,"column":26}},"32":{"start":{"line":47,"column":16},"end":{"line":47,"column":38}},"33":{"start":{"line":48,"column":16},"end":{"line":48,"column":31}},"34":{"start":{"line":49,"column":15},"end":{"line":49,"column":25}},"35":{"start":{"line":52,"column":12},"end":{"line":56,"column":13}},"36":{"start":{"line":53,"column":15},"end":{"line":53,"column":37}},"37":{"start":{"line":54,"column":15},"end":{"line":54,"column":30}},"38":{"start":{"line":55,"column":15},"end":{"line":55,"column":25}},"39":{"start":{"line":60,"column":21},"end":{"line":63,"column":1}},"40":{"start":{"line":61,"column":16},"end":{"line":61,"column":40}},"41":{"start":{"line":61,"column":31},"end":{"line":61,"column":39}},"42":{"start":{"line":62,"column":3},"end":{"line":62,"column":70}},"43":{"start":{"line":62,"column":52},"end":{"line":62,"column":67}},"44":{"start":{"line":64,"column":18},"end":{"line":79,"column":2}},"45":{"start":{"line":64,"column":38},"end":{"line":79,"column":2}},"46":{"start":{"line":65,"column":15},"end":{"line":78,"column":6}},"47":{"start":{"line":66,"column":22},"end":{"line":66,"column":41}},"48":{"start":{"line":67,"column":20},"end":{"line":67,"column":38}},"49":{"start":{"line":68,"column":20},"end":{"line":77,"column":10}},"50":{"start":{"line":69,"column":20},"end":{"line":69,"column":37}},"51":{"start":{"line":70,"column":22},"end":{"line":75,"column":14}},"52":{"start":{"line":71,"column":16},"end":{"line":74,"column":17}},"53":{"start":{"line":76,"column":12},"end":{"line":76,"column":30}},"54":{"start":{"line":80,"column":16},"end":{"line":105,"column":2}},"55":{"start":{"line":80,"column":26},"end":{"line":105,"column":2}},"56":{"start":{"line":81,"column":4},"end":{"line":104,"column":5}},"57":{"start":{"line":82,"column":20},"end":{"line":82,"column":22}},"58":{"start":{"line":83,"column":21},"end":{"line":83,"column":23}},"59":{"start":{"line":84,"column":8},"end":{"line":88,"column":23}},"60":{"start":{"line":86,"column":11},"end":{"line":86,"column":23}},"61":{"start":{"line":88,"column":18},"end":{"line":88,"column":22}},"62":{"start":{"line":90,"column":22},"end":{"line":90,"column":24}},"63":{"start":{"line":91,"column":21},"end":{"line":91,"column":44}},"64":{"start":{"line":92,"column":19},"end":{"line":92,"column":37}},"65":{"start":{"line":93,"column":19},"end":{"line":103,"column":10}},"66":{"start":{"line":94,"column":19},"end":{"line":94,"column":36}},"67":{"start":{"line":95,"column":11},"end":{"line":101,"column":14}},"68":{"start":{"line":96,"column":15},"end":{"line":100,"column":17}},"69":{"start":{"line":102,"column":9},"end":{"line":102,"column":28}},"70":{"start":{"line":106,"column":16},"end":{"line":117,"column":1}},"71":{"start":{"line":107,"column":17},"end":{"line":107,"column":36}},"72":{"start":{"line":108,"column":3},"end":{"line":116,"column":7}},"73":{"start":{"line":109,"column":17},"end":{"line":109,"column":35}},"74":{"start":{"line":110,"column":7},"end":{"line":115,"column":9}},"75":{"start":{"line":111,"column":8},"end":{"line":111,"column":50}},"76":{"start":{"line":113,"column":13},"end":{"line":115,"column":9}},"77":{"start":{"line":114,"column":11},"end":{"line":114,"column":49}},"78":{"start":{"line":118,"column":16},"end":{"line":130,"column":1}},"79":{"start":{"line":119,"column":12},"end":{"line":119,"column":14}},"80":{"start":{"line":120,"column":15},"end":{"line":120,"column":35}},"81":{"start":{"line":121,"column":4},"end":{"line":129,"column":5}},"82":{"start":{"line":122,"column":8},"end":{"line":122,"column":27}},"83":{"start":{"line":123,"column":7},"end":{"line":123,"column":17}},"84":{"start":{"line":124,"column":10},"end":{"line":129,"column":5}},"85":{"start":{"line":125,"column":18},"end":{"line":125,"column":38}},"86":{"start":{"line":126,"column":8},"end":{"line":128,"column":9}},"87":{"start":{"line":127,"column":10},"end":{"line":127,"column":24}},"88":{"start":{"line":131,"column":14},"end":{"line":152,"column":2}},"89":{"start":{"line":131,"column":36},"end":{"line":152,"column":2}},"90":{"start":{"line":132,"column":18},"end":{"line":132,"column":42}},"91":{"start":{"line":133,"column":16},"end":{"line":133,"column":33}},"92":{"start":{"line":134,"column":4},"end":{"line":151,"column":23}},"93":{"start":{"line":136,"column":8},"end":{"line":149,"column":9}},"94":{"start":{"line":137,"column":25},"end":{"line":137,"column":44}},"95":{"start":{"line":138,"column":12},"end":{"line":138,"column":28}},"96":{"start":{"line":139,"column":14},"end":{"line":149,"column":9}},"97":{"start":{"line":140,"column":12},"end":{"line":142,"column":14}},"98":{"start":{"line":141,"column":16},"end":{"line":141,"column":28}},"99":{"start":{"line":143,"column":14},"end":{"line":149,"column":9}},"100":{"start":{"line":144,"column":12},"end":{"line":146,"column":15}},"101":{"start":{"line":145,"column":16},"end":{"line":145,"column":29}},"102":{"start":{"line":148,"column":12},"end":{"line":148,"column":28}},"103":{"start":{"line":151,"column":15},"end":{"line":151,"column":21}},"104":{"start":{"line":153,"column":0},"end":{"line":153,"column":23}}},"fnMap":{"0":{"name":"(anonymous_0)","decl":{"start":{"line":7,"column":17},"end":{"line":7,"column":18}},"loc":{"start":{"line":7,"column":24},"end":{"line":25,"column":1}},"line":7},"1":{"name":"(anonymous_1)","decl":{"start":{"line":9,"column":24},"end":{"line":9,"column":25}},"loc":{"start":{"line":9,"column":31},"end":{"line":9,"column":39}},"line":9},"2":{"name":"(anonymous_2)","decl":{"start":{"line":11,"column":40},"end":{"line":11,"column":41}},"loc":{"start":{"line":11,"column":52},"end":{"line":24,"column":5}},"line":11},"3":{"name":"(anonymous_3)","decl":{"start":{"line":16,"column":25},"end":{"line":16,"column":26}},"loc":{"start":{"line":16,"column":31},"end":{"line":21,"column":9}},"line":16},"4":{"name":"(anonymous_4)","decl":{"start":{"line":24,"column":13},"end":{"line":24,"column":14}},"loc":{"start":{"line":24,"column":18},"end":{"line":24,"column":22}},"line":24},"5":{"name":"(anonymous_5)","decl":{"start":{"line":26,"column":18},"end":{"line":26,"column":19}},"loc":{"start":{"line":26,"column":28},"end":{"line":34,"column":1}},"line":26},"6":{"name":"(anonymous_6)","decl":{"start":{"line":27,"column":29},"end":{"line":27,"column":30}},"loc":{"start":{"line":27,"column":36},"end":{"line":27,"column":44}},"line":27},"7":{"name":"(anonymous_7)","decl":{"start":{"line":35,"column":21},"end":{"line":35,"column":22}},"loc":{"start":{"line":35,"column":32},"end":{"line":59,"column":1}},"line":35},"8":{"name":"(anonymous_8)","decl":{"start":{"line":36,"column":35},"end":{"line":36,"column":36}},"loc":{"start":{"line":36,"column":41},"end":{"line":58,"column":5}},"line":36},"9":{"name":"(anonymous_9)","decl":{"start":{"line":41,"column":14},"end":{"line":41,"column":15}},"loc":{"start":{"line":41,"column":26},"end":{"line":51,"column":9}},"line":41},"10":{"name":"(anonymous_10)","decl":{"start":{"line":51,"column":17},"end":{"line":51,"column":18}},"loc":{"start":{"line":51,"column":22},"end":{"line":57,"column":9}},"line":51},"11":{"name":"(anonymous_11)","decl":{"start":{"line":60,"column":21},"end":{"line":60,"column":22}},"loc":{"start":{"line":60,"column":28},"end":{"line":63,"column":1}},"line":60},"12":{"name":"(anonymous_12)","decl":{"start":{"line":61,"column":24},"end":{"line":61,"column":25}},"loc":{"start":{"line":61,"column":31},"end":{"line":61,"column":39}},"line":61},"13":{"name":"(anonymous_13)","decl":{"start":{"line":62,"column":39},"end":{"line":62,"column":40}},"loc":{"start":{"line":62,"column":50},"end":{"line":62,"column":68}},"line":62},"14":{"name":"(anonymous_14)","decl":{"start":{"line":64,"column":18},"end":{"line":64,"column":19}},"loc":{"start":{"line":64,"column":38},"end":{"line":79,"column":2}},"line":64},"15":{"name":"(anonymous_15)","decl":{"start":{"line":64,"column":50},"end":{"line":64,"column":51}},"loc":{"start":{"line":64,"column":68},"end":{"line":79,"column":1}},"line":64},"16":{"name":"(anonymous_16)","decl":{"start":{"line":65,"column":30},"end":{"line":65,"column":31}},"loc":{"start":{"line":65,"column":36},"end":{"line":78,"column":5}},"line":65},"17":{"name":"(anonymous_17)","decl":{"start":{"line":68,"column":41},"end":{"line":68,"column":42}},"loc":{"start":{"line":68,"column":57},"end":{"line":77,"column":9}},"line":68},"18":{"name":"(anonymous_18)","decl":{"start":{"line":70,"column":30},"end":{"line":70,"column":31}},"loc":{"start":{"line":70,"column":37},"end":{"line":75,"column":13}},"line":70},"19":{"name":"(anonymous_19)","decl":{"start":{"line":80,"column":16},"end":{"line":80,"column":17}},"loc":{"start":{"line":80,"column":26},"end":{"line":105,"column":2}},"line":80},"20":{"name":"(anonymous_20)","decl":{"start":{"line":80,"column":38},"end":{"line":80,"column":39}},"loc":{"start":{"line":80,"column":56},"end":{"line":105,"column":1}},"line":80},"21":{"name":"(anonymous_21)","decl":{"start":{"line":85,"column":14},"end":{"line":85,"column":15}},"loc":{"start":{"line":85,"column":19},"end":{"line":87,"column":9}},"line":85},"22":{"name":"(anonymous_22)","decl":{"start":{"line":88,"column":15},"end":{"line":88,"column":16}},"loc":{"start":{"line":88,"column":18},"end":{"line":88,"column":22}},"line":88},"23":{"name":"(anonymous_23)","decl":{"start":{"line":93,"column":40},"end":{"line":93,"column":41}},"loc":{"start":{"line":93,"column":56},"end":{"line":103,"column":9}},"line":93},"24":{"name":"(anonymous_24)","decl":{"start":{"line":95,"column":23},"end":{"line":95,"column":24}},"loc":{"start":{"line":95,"column":30},"end":{"line":101,"column":13}},"line":95},"25":{"name":"(anonymous_25)","decl":{"start":{"line":106,"column":16},"end":{"line":106,"column":17}},"loc":{"start":{"line":106,"column":31},"end":{"line":117,"column":1}},"line":106},"26":{"name":"(anonymous_26)","decl":{"start":{"line":108,"column":17},"end":{"line":108,"column":18}},"loc":{"start":{"line":108,"column":25},"end":{"line":116,"column":5}},"line":108},"27":{"name":"(anonymous_27)","decl":{"start":{"line":118,"column":16},"end":{"line":118,"column":17}},"loc":{"start":{"line":118,"column":26},"end":{"line":130,"column":1}},"line":118},"28":{"name":"(anonymous_28)","decl":{"start":{"line":131,"column":14},"end":{"line":131,"column":15}},"loc":{"start":{"line":131,"column":36},"end":{"line":152,"column":2}},"line":131},"29":{"name":"(anonymous_29)","decl":{"start":{"line":131,"column":48},"end":{"line":131,"column":49}},"loc":{"start":{"line":131,"column":66},"end":{"line":152,"column":1}},"line":131},"30":{"name":"(anonymous_30)","decl":{"start":{"line":135,"column":10},"end":{"line":135,"column":11}},"loc":{"start":{"line":135,"column":20},"end":{"line":150,"column":5}},"line":135},"31":{"name":"(anonymous_31)","decl":{"start":{"line":140,"column":40},"end":{"line":140,"column":41}},"loc":{"start":{"line":140,"column":47},"end":{"line":142,"column":13}},"line":140},"32":{"name":"(anonymous_32)","decl":{"start":{"line":144,"column":36},"end":{"line":144,"column":37}},"loc":{"start":{"line":144,"column":41},"end":{"line":146,"column":13}},"line":144},"33":{"name":"(anonymous_33)","decl":{"start":{"line":151,"column":11},"end":{"line":151,"column":12}},"loc":{"start":{"line":151,"column":15},"end":{"line":151,"column":21}},"line":151}},"branchMap":{"0":{"loc":{"start":{"line":17,"column":12},"end":{"line":20,"column":13}},"type":"if","locations":[{"start":{"line":17,"column":12},"end":{"line":20,"column":13}},{"start":{"line":17,"column":12},"end":{"line":20,"column":13}}],"line":17},"1":{"loc":{"start":{"line":42,"column":12},"end":{"line":50,"column":13}},"type":"if","locations":[{"start":{"line":42,"column":12},"end":{"line":50,"column":13}},{"start":{"line":42,"column":12},"end":{"line":50,"column":13}}],"line":42},"2":{"loc":{"start":{"line":42,"column":15},"end":{"line":42,"column":62}},"type":"binary-expr","locations":[{"start":{"line":42,"column":15},"end":{"line":42,"column":37}},{"start":{"line":42,"column":41},"end":{"line":42,"column":62}}],"line":42},"3":{"loc":{"start":{"line":52,"column":12},"end":{"line":56,"column":13}},"type":"if","locations":[{"start":{"line":52,"column":12},"end":{"line":56,"column":13}},{"start":{"line":52,"column":12},"end":{"line":56,"column":13}}],"line":52},"4":{"loc":{"start":{"line":81,"column":4},"end":{"line":104,"column":5}},"type":"if","locations":[{"start":{"line":81,"column":4},"end":{"line":104,"column":5}},{"start":{"line":81,"column":4},"end":{"line":104,"column":5}}],"line":81},"5":{"loc":{"start":{"line":110,"column":7},"end":{"line":115,"column":9}},"type":"if","locations":[{"start":{"line":110,"column":7},"end":{"line":115,"column":9}},{"start":{"line":110,"column":7},"end":{"line":115,"column":9}}],"line":110},"6":{"loc":{"start":{"line":113,"column":13},"end":{"line":115,"column":9}},"type":"if","locations":[{"start":{"line":113,"column":13},"end":{"line":115,"column":9}},{"start":{"line":113,"column":13},"end":{"line":115,"column":9}}],"line":113},"7":{"loc":{"start":{"line":121,"column":4},"end":{"line":129,"column":5}},"type":"if","locations":[{"start":{"line":121,"column":4},"end":{"line":129,"column":5}},{"start":{"line":121,"column":4},"end":{"line":129,"column":5}}],"line":121},"8":{"loc":{"start":{"line":124,"column":10},"end":{"line":129,"column":5}},"type":"if","locations":[{"start":{"line":124,"column":10},"end":{"line":129,"column":5}},{"start":{"line":124,"column":10},"end":{"line":129,"column":5}}],"line":124},"9":{"loc":{"start":{"line":126,"column":8},"end":{"line":128,"column":9}},"type":"if","locations":[{"start":{"line":126,"column":8},"end":{"line":128,"column":9}},{"start":{"line":126,"column":8},"end":{"line":128,"column":9}}],"line":126},"10":{"loc":{"start":{"line":136,"column":8},"end":{"line":149,"column":9}},"type":"if","locations":[{"start":{"line":136,"column":8},"end":{"line":149,"column":9}},{"start":{"line":136,"column":8},"end":{"line":149,"column":9}}],"line":136},"11":{"loc":{"start":{"line":136,"column":11},"end":{"line":136,"column":44}},"type":"binary-expr","locations":[{"start":{"line":136,"column":11},"end":{"line":136,"column":24}},{"start":{"line":136,"column":27},"end":{"line":136,"column":44}}],"line":136},"12":{"loc":{"start":{"line":139,"column":14},"end":{"line":149,"column":9}},"type":"if","locations":[{"start":{"line":139,"column":14},"end":{"line":149,"column":9}},{"start":{"line":139,"column":14},"end":{"line":149,"column":9}}],"line":139},"13":{"loc":{"start":{"line":139,"column":17},"end":{"line":139,"column":50}},"type":"binary-expr","locations":[{"start":{"line":139,"column":17},"end":{"line":139,"column":33}},{"start":{"line":139,"column":36},"end":{"line":139,"column":50}}],"line":139},"14":{"loc":{"start":{"line":143,"column":14},"end":{"line":149,"column":9}},"type":"if","locations":[{"start":{"line":143,"column":14},"end":{"line":149,"column":9}},{"start":{"line":143,"column":14},"end":{"line":149,"column":9}}],"line":143},"15":{"loc":{"start":{"line":143,"column":17},"end":{"line":143,"column":48}},"type":"binary-expr","locations":[{"start":{"line":143,"column":17},"end":{"line":143,"column":33}},{"start":{"line":143,"column":35},"end":{"line":143,"column":48}}],"line":143}},"s":{"0":1,"1":1,"2":1,"3":1,"4":1,"5":1,"6":2,"7":2,"8":5,"9":2,"10":2,"11":2,"12":2,"13":5,"14":3,"15":2,"16":2,"17":0,"18":1,"19":2,"20":5,"21":2,"22":2,"23":2,"24":1,"25":4,"26":10,"27":10,"28":10,"29":4,"30":4,"31":4,"32":6,"33":6,"34":6,"35":0,"36":0,"37":0,"38":0,"39":1,"40":2,"41":5,"42":2,"43":2,"44":1,"45":4,"46":4,"47":8,"48":8,"49":8,"50":8,"51":8,"52":12,"53":8,"54":1,"55":8,"56":8,"57":4,"58":4,"59":4,"60":4,"61":0,"62":4,"63":4,"64":4,"65":4,"66":4,"67":4,"68":8,"69":4,"70":1,"71":8,"72":8,"73":12,"74":12,"75":4,"76":8,"77":8,"78":1,"79":8,"80":8,"81":8,"82":4,"83":4,"84":4,"85":4,"86":4,"87":4,"88":1,"89":8,"90":8,"91":8,"92":8,"93":8,"94":2,"95":2,"96":6,"97":2,"98":2,"99":4,"100":2,"101":2,"102":2,"103":0,"104":1},"f":{"0":2,"1":5,"2":2,"3":5,"4":0,"5":2,"6":5,"7":4,"8":10,"9":10,"10":0,"11":2,"12":5,"13":2,"14":4,"15":4,"16":8,"17":8,"18":12,"19":8,"20":8,"21":4,"22":0,"23":4,"24":8,"25":8,"26":12,"27":8,"28":8,"29":8,"30":8,"31":2,"32":2,"33":0},"b":{"0":[2,3],"1":[4,6],"2":[10,10],"3":[0,0],"4":[4,4],"5":[4,8],"6":[8,0],"7":[4,4],"8":[4,0],"9":[4,0],"10":[2,6],"11":[8,4],"12":[2,4],"13":[6,4],"14":[2,2],"15":[4,2]},"_coverageSchema":"332fd63041d2c1bcb487cc26dd0d5f7d97098a6c","hash":"c50e25513357ca1773b364b975fc16693d99fdf9"}
}
