TN:
SF:C:\Users\Diana Apz\Documents\TRACK\Markdown\lim20181-Track-FE-markdown-list\mdlinks.js
FN:8,(anonymous_0)
FN:10,(anonymous_1)
FN:12,(anonymous_2)
FN:17,(anonymous_3)
FN:25,(anonymous_4)
FN:27,(anonymous_5)
FN:28,(anonymous_6)
FN:36,(anonymous_7)
FN:37,(anonymous_8)
FN:42,(anonymous_9)
FN:52,(anonymous_10)
FN:61,(anonymous_11)
FN:62,(anonymous_12)
FN:63,(anonymous_13)
FN:65,(anonymous_14)
FN:65,(anonymous_15)
FN:66,(anonymous_16)
FN:69,(anonymous_17)
FN:80,(anonymous_18)
FN:80,(anonymous_19)
FN:84,(anonymous_20)
FN:87,(anonymous_21)
FN:92,(anonymous_22)
FN:103,(anonymous_23)
FN:105,(anonymous_24)
FN:115,(anonymous_25)
FN:128,(anonymous_26)
FN:128,(anonymous_27)
FN:132,(anonymous_28)
FN:137,(anonymous_29)
FN:142,(anonymous_30)
FN:149,(anonymous_31)
FNF:32
FNH:28
FNDA:2,(anonymous_0)
FNDA:5,(anonymous_1)
FNDA:2,(anonymous_2)
FNDA:5,(anonymous_3)
FNDA:0,(anonymous_4)
FNDA:2,(anonymous_5)
FNDA:5,(anonymous_6)
FNDA:4,(anonymous_7)
FNDA:10,(anonymous_8)
FNDA:10,(anonymous_9)
FNDA:0,(anonymous_10)
FNDA:2,(anonymous_11)
FNDA:5,(anonymous_12)
FNDA:2,(anonymous_13)
FNDA:4,(anonymous_14)
FNDA:4,(anonymous_15)
FNDA:8,(anonymous_16)
FNDA:12,(anonymous_17)
FNDA:8,(anonymous_18)
FNDA:8,(anonymous_19)
FNDA:4,(anonymous_20)
FNDA:0,(anonymous_21)
FNDA:8,(anonymous_22)
FNDA:8,(anonymous_23)
FNDA:12,(anonymous_24)
FNDA:8,(anonymous_25)
FNDA:8,(anonymous_26)
FNDA:8,(anonymous_27)
FNDA:8,(anonymous_28)
FNDA:2,(anonymous_29)
FNDA:2,(anonymous_30)
FNDA:0,(anonymous_31)
DA:2,1
DA:3,1
DA:4,1
DA:5,1
DA:6,1
DA:8,1
DA:9,2
DA:10,5
DA:11,2
DA:12,2
DA:13,2
DA:17,2
DA:18,5
DA:20,3
DA:23,2
DA:24,2
DA:25,0
DA:27,1
DA:28,5
DA:29,2
DA:30,2
DA:34,2
DA:36,1
DA:37,4
DA:38,10
DA:41,10
DA:43,10
DA:44,4
DA:45,4
DA:46,4
DA:48,6
DA:49,6
DA:50,6
DA:53,0
DA:54,0
DA:55,0
DA:56,0
DA:61,1
DA:62,5
DA:63,2
DA:65,4
DA:66,4
DA:67,8
DA:68,8
DA:69,8
DA:70,12
DA:75,8
DA:76,8
DA:77,8
DA:80,8
DA:81,8
DA:82,4
DA:83,4
DA:85,4
DA:87,0
DA:89,4
DA:90,4
DA:91,4
DA:92,4
DA:93,8
DA:99,4
DA:100,4
DA:103,1
DA:104,8
DA:105,8
DA:106,12
DA:107,12
DA:108,4
DA:110,8
DA:111,8
DA:115,1
DA:116,8
DA:117,8
DA:118,8
DA:119,4
DA:120,4
DA:121,4
DA:122,4
DA:123,4
DA:124,4
DA:128,8
DA:129,8
DA:130,8
DA:131,8
DA:133,8
DA:134,2
DA:135,2
DA:136,6
DA:137,2
DA:138,2
DA:141,4
DA:142,2
DA:143,2
DA:146,2
DA:149,0
DA:151,1
LF:96
LH:89
BRDA:18,0,0,2
BRDA:18,0,1,3
BRDA:43,1,0,4
BRDA:43,1,1,6
BRDA:43,2,0,10
BRDA:43,2,1,10
BRDA:53,3,0,0
BRDA:53,3,1,0
BRDA:81,4,0,4
BRDA:81,4,1,4
BRDA:107,5,0,4
BRDA:107,5,1,8
BRDA:110,6,0,8
BRDA:110,6,1,0
BRDA:118,7,0,4
BRDA:118,7,1,4
BRDA:121,8,0,4
BRDA:121,8,1,0
BRDA:123,9,0,4
BRDA:123,9,1,0
BRDA:133,10,0,2
BRDA:133,10,1,6
BRDA:133,11,0,8
BRDA:133,11,1,4
BRDA:136,12,0,2
BRDA:136,12,1,4
BRDA:136,13,0,6
BRDA:136,13,1,4
BRDA:141,14,0,2
BRDA:141,14,1,2
BRDA:141,15,0,4
BRDA:141,15,1,2
BRF:32
BRH:27
end_of_record
