TN:
SF:C:\Users\usuario\Documents\reto-track\lim20181-Track-FE-markdown-list\mdlinks.js
FN:7,(anonymous_0)
FN:9,(anonymous_1)
FN:11,(anonymous_2)
FN:16,(anonymous_3)
FN:24,(anonymous_4)
FN:26,(anonymous_5)
FN:27,(anonymous_6)
FN:35,(anonymous_7)
FN:36,(anonymous_8)
FN:41,(anonymous_9)
FN:51,(anonymous_10)
FN:60,(anonymous_11)
FN:61,(anonymous_12)
FN:62,(anonymous_13)
FN:64,(anonymous_14)
FN:64,(anonymous_15)
FN:65,(anonymous_16)
FN:68,(anonymous_17)
FN:70,(anonymous_18)
FN:80,(anonymous_19)
FN:80,(anonymous_20)
FN:85,(anonymous_21)
FN:88,(anonymous_22)
FN:93,(anonymous_23)
FN:95,(anonymous_24)
FN:106,(anonymous_25)
FN:108,(anonymous_26)
FN:118,(anonymous_27)
FN:131,(anonymous_28)
FN:131,(anonymous_29)
FN:135,(anonymous_30)
FN:140,(anonymous_31)
FN:144,(anonymous_32)
FN:151,(anonymous_33)
FNF:34
FNH:30
FNDA:2,(anonymous_0)
FNDA:5,(anonymous_1)
FNDA:2,(anonymous_2)
FNDA:5,(anonymous_3)
FNDA:0,(anonymous_4)
FNDA:2,(anonymous_5)
FNDA:5,(anonymous_6)
FNDA:4,(anonymous_7)
FNDA:10,(anonymous_8)
FNDA:10,(anonymous_9)
FNDA:0,(anonymous_10)
FNDA:2,(anonymous_11)
FNDA:5,(anonymous_12)
FNDA:2,(anonymous_13)
FNDA:4,(anonymous_14)
FNDA:4,(anonymous_15)
FNDA:8,(anonymous_16)
FNDA:8,(anonymous_17)
FNDA:12,(anonymous_18)
FNDA:8,(anonymous_19)
FNDA:8,(anonymous_20)
FNDA:4,(anonymous_21)
FNDA:0,(anonymous_22)
FNDA:4,(anonymous_23)
FNDA:8,(anonymous_24)
FNDA:8,(anonymous_25)
FNDA:12,(anonymous_26)
FNDA:8,(anonymous_27)
FNDA:8,(anonymous_28)
FNDA:8,(anonymous_29)
FNDA:8,(anonymous_30)
FNDA:2,(anonymous_31)
FNDA:2,(anonymous_32)
FNDA:0,(anonymous_33)
DA:2,1
DA:3,1
DA:4,1
DA:5,1
DA:6,1
DA:7,1
DA:8,2
DA:9,5
DA:10,2
DA:11,2
DA:12,2
DA:16,2
DA:17,5
DA:19,3
DA:22,2
DA:23,2
DA:24,0
DA:26,1
DA:27,5
DA:28,2
DA:29,2
DA:33,2
DA:35,1
DA:36,4
DA:37,10
DA:40,10
DA:42,10
DA:43,4
DA:44,4
DA:45,4
DA:47,6
DA:48,6
DA:49,6
DA:52,0
DA:53,0
DA:54,0
DA:55,0
DA:60,1
DA:61,5
DA:62,2
DA:64,4
DA:65,4
DA:66,8
DA:67,8
DA:68,8
DA:69,8
DA:70,8
DA:71,12
DA:76,8
DA:80,8
DA:81,8
DA:82,4
DA:83,4
DA:84,4
DA:86,4
DA:88,0
DA:90,4
DA:91,4
DA:92,4
DA:93,4
DA:94,4
DA:95,4
DA:96,8
DA:102,4
DA:106,1
DA:107,8
DA:108,8
DA:109,12
DA:110,12
DA:111,4
DA:113,8
DA:114,8
DA:118,1
DA:119,8
DA:120,8
DA:121,8
DA:122,4
DA:123,4
DA:124,4
DA:125,4
DA:126,4
DA:127,4
DA:131,8
DA:132,8
DA:133,8
DA:134,8
DA:136,8
DA:137,2
DA:138,2
DA:139,6
DA:140,2
DA:141,2
DA:143,4
DA:144,2
DA:145,2
DA:148,2
DA:151,0
DA:153,1
LF:98
LH:91
BRDA:17,0,0,2
BRDA:17,0,1,3
BRDA:42,1,0,4
BRDA:42,1,1,6
BRDA:42,2,0,10
BRDA:42,2,1,10
BRDA:52,3,0,0
BRDA:52,3,1,0
BRDA:81,4,0,4
BRDA:81,4,1,4
BRDA:110,5,0,4
BRDA:110,5,1,8
BRDA:113,6,0,8
BRDA:113,6,1,0
BRDA:121,7,0,4
BRDA:121,7,1,4
BRDA:124,8,0,4
BRDA:124,8,1,0
BRDA:126,9,0,4
BRDA:126,9,1,0
BRDA:136,10,0,2
BRDA:136,10,1,6
BRDA:136,11,0,8
BRDA:136,11,1,4
BRDA:139,12,0,2
BRDA:139,12,1,4
BRDA:139,13,0,6
BRDA:139,13,1,4
BRDA:143,14,0,2
BRDA:143,14,1,2
BRDA:143,15,0,4
BRDA:143,15,1,2
BRF:32
BRH:27
end_of_record
